[debug] [2025-07-08T16:36:37.608Z] ----------------------------------------------------------------------
[debug] [2025-07-08T16:36:37.611Z] Command:       C:\Program Files\nodejs\node.exe C:\Users\55189\AppData\Local\Yarn\Data\global\node_modules\firebase-tools\lib\bin\firebase.js deploy --only functions
[debug] [2025-07-08T16:36:37.611Z] CLI Version:   14.9.0
[debug] [2025-07-08T16:36:37.611Z] Platform:      win32
[debug] [2025-07-08T16:36:37.611Z] Node Version:  v20.18.0
[debug] [2025-07-08T16:36:37.611Z] Time:          Tue Jul 08 2025 13:36:37 GMT-0300 (Horário Padrão de Brasília)
[debug] [2025-07-08T16:36:37.611Z] ----------------------------------------------------------------------
[debug] 
[debug] [2025-07-08T16:36:37.775Z] > command requires scopes: ["email","openid","https://www.googleapis.com/auth/cloudplatformprojects.readonly","https://www.googleapis.com/auth/firebase","https://www.googleapis.com/auth/cloud-platform"]
[debug] [2025-07-08T16:36:37.775Z] > authorizing via signed-in user (fabio.vigilante.sena@gmail.com)
[debug] [2025-07-08T16:36:37.775Z] [iam] checking project menuonlinesass for permissions ["cloudfunctions.functions.create","cloudfunctions.functions.delete","cloudfunctions.functions.get","cloudfunctions.functions.list","cloudfunctions.functions.update","cloudfunctions.operations.get","firebase.projects.get"]
[debug] [2025-07-08T16:36:37.776Z] Checked if tokens are valid: false, expires at: 1751993380703
[debug] [2025-07-08T16:36:37.776Z] Checked if tokens are valid: false, expires at: 1751993380703
[debug] [2025-07-08T16:36:37.777Z] > refreshing access token with scopes: []
[debug] [2025-07-08T16:36:37.778Z] >>> [apiv2][query] POST https://www.googleapis.com/oauth2/v3/token [none]
[debug] [2025-07-08T16:36:37.778Z] >>> [apiv2][body] POST https://www.googleapis.com/oauth2/v3/token [omitted]
[debug] [2025-07-08T16:36:38.005Z] <<< [apiv2][status] POST https://www.googleapis.com/oauth2/v3/token 200
[debug] [2025-07-08T16:36:38.005Z] <<< [apiv2][body] POST https://www.googleapis.com/oauth2/v3/token [omitted]
[debug] [2025-07-08T16:36:38.012Z] >>> [apiv2][query] POST https://cloudresourcemanager.googleapis.com/v1/projects/menuonlinesass:testIamPermissions [none]
[debug] [2025-07-08T16:36:38.013Z] >>> [apiv2][(partial)header] POST https://cloudresourcemanager.googleapis.com/v1/projects/menuonlinesass:testIamPermissions x-goog-quota-user=projects/menuonlinesass
[debug] [2025-07-08T16:36:38.013Z] >>> [apiv2][body] POST https://cloudresourcemanager.googleapis.com/v1/projects/menuonlinesass:testIamPermissions {"permissions":["cloudfunctions.functions.create","cloudfunctions.functions.delete","cloudfunctions.functions.get","cloudfunctions.functions.list","cloudfunctions.functions.update","cloudfunctions.operations.get","firebase.projects.get"]}
[debug] [2025-07-08T16:36:38.945Z] <<< [apiv2][status] POST https://cloudresourcemanager.googleapis.com/v1/projects/menuonlinesass:testIamPermissions 200
[debug] [2025-07-08T16:36:38.945Z] <<< [apiv2][body] POST https://cloudresourcemanager.googleapis.com/v1/projects/menuonlinesass:testIamPermissions {"permissions":["cloudfunctions.functions.create","cloudfunctions.functions.delete","cloudfunctions.functions.get","cloudfunctions.functions.list","cloudfunctions.functions.update","cloudfunctions.operations.get","firebase.projects.get"]}
[debug] [2025-07-08T16:36:38.946Z] Checked if tokens are valid: true, expires at: 1751996197005
[debug] [2025-07-08T16:36:38.946Z] Checked if tokens are valid: true, expires at: 1751996197005
[debug] [2025-07-08T16:36:38.946Z] >>> [apiv2][query] POST https://iam.googleapis.com/v1/projects/menuonlinesass/serviceAccounts/menuonlinesass@appspot.gserviceaccount.com:testIamPermissions [none]
[debug] [2025-07-08T16:36:38.946Z] >>> [apiv2][body] POST https://iam.googleapis.com/v1/projects/menuonlinesass/serviceAccounts/menuonlinesass@appspot.gserviceaccount.com:testIamPermissions {"permissions":["iam.serviceAccounts.actAs"]}
[debug] [2025-07-08T16:36:39.876Z] <<< [apiv2][status] POST https://iam.googleapis.com/v1/projects/menuonlinesass/serviceAccounts/menuonlinesass@appspot.gserviceaccount.com:testIamPermissions 200
[debug] [2025-07-08T16:36:39.877Z] <<< [apiv2][body] POST https://iam.googleapis.com/v1/projects/menuonlinesass/serviceAccounts/menuonlinesass@appspot.gserviceaccount.com:testIamPermissions {"permissions":["iam.serviceAccounts.actAs"]}
[info] 
[info] === Deploying to 'menuonlinesass'...
[info] 
[info] i  deploying functions 
[debug] [2025-07-08T16:36:39.881Z] Checked if tokens are valid: true, expires at: 1751996197005
[debug] [2025-07-08T16:36:39.881Z] Checked if tokens are valid: true, expires at: 1751996197005
[debug] [2025-07-08T16:36:39.882Z] >>> [apiv2][query] GET https://cloudresourcemanager.googleapis.com/v1/projects/menuonlinesass [none]
[debug] [2025-07-08T16:36:40.106Z] <<< [apiv2][status] GET https://cloudresourcemanager.googleapis.com/v1/projects/menuonlinesass 200
[debug] [2025-07-08T16:36:40.106Z] <<< [apiv2][body] GET https://cloudresourcemanager.googleapis.com/v1/projects/menuonlinesass {"projectNumber":"432238664625","projectId":"menuonlinesass","lifecycleState":"ACTIVE","name":"menuonlineSass","labels":{"firebase":"enabled","firebase-core":"disabled"},"createTime":"2025-06-27T17:12:09.239341Z"}
[info] i  functions: preparing codebase default for deployment 
[info] i  functions: ensuring required API cloudfunctions.googleapis.com is enabled... 
[info] i  functions: ensuring required API cloudbuild.googleapis.com is enabled... 
[info] i  artifactregistry: ensuring required API artifactregistry.googleapis.com is enabled... 
[debug] [2025-07-08T16:36:40.110Z] Checked if tokens are valid: true, expires at: 1751996197005
[debug] [2025-07-08T16:36:40.110Z] Checked if tokens are valid: true, expires at: 1751996197005
[debug] [2025-07-08T16:36:40.110Z] >>> [apiv2][query] GET https://firebase.googleapis.com/v1beta1/projects/menuonlinesass/adminSdkConfig [none]
[debug] [2025-07-08T16:36:40.623Z] <<< [apiv2][status] GET https://firebase.googleapis.com/v1beta1/projects/menuonlinesass/adminSdkConfig 200
[debug] [2025-07-08T16:36:40.623Z] <<< [apiv2][body] GET https://firebase.googleapis.com/v1beta1/projects/menuonlinesass/adminSdkConfig {"projectId":"menuonlinesass","storageBucket":"menuonlinesass.firebasestorage.app"}
[debug] [2025-07-08T16:36:40.624Z] Checked if tokens are valid: true, expires at: 1751996197005
[debug] [2025-07-08T16:36:40.624Z] Checked if tokens are valid: true, expires at: 1751996197005
[debug] [2025-07-08T16:36:40.624Z] >>> [apiv2][query] GET https://runtimeconfig.googleapis.com/v1beta1/projects/menuonlinesass/configs [none]
[debug] [2025-07-08T16:36:41.084Z] <<< [apiv2][status] GET https://runtimeconfig.googleapis.com/v1beta1/projects/menuonlinesass/configs 200
[debug] [2025-07-08T16:36:41.084Z] <<< [apiv2][body] GET https://runtimeconfig.googleapis.com/v1beta1/projects/menuonlinesass/configs {"configs":[{"name":"projects/menuonlinesass/configs/mercadopago"}]}
[debug] [2025-07-08T16:36:41.084Z] Checked if tokens are valid: true, expires at: 1751996197005
[debug] [2025-07-08T16:36:41.084Z] Checked if tokens are valid: true, expires at: 1751996197005
[debug] [2025-07-08T16:36:41.085Z] >>> [apiv2][query] GET https://runtimeconfig.googleapis.com/v1beta1/projects/menuonlinesass/configs/mercadopago/variables [none]
[debug] [2025-07-08T16:36:42.027Z] <<< [apiv2][status] GET https://runtimeconfig.googleapis.com/v1beta1/projects/menuonlinesass/configs/mercadopago/variables 200
[debug] [2025-07-08T16:36:42.028Z] <<< [apiv2][body] GET https://runtimeconfig.googleapis.com/v1beta1/projects/menuonlinesass/configs/mercadopago/variables {"variables":[{"name":"projects/menuonlinesass/configs/mercadopago/variables/accesstoken","updateTime":"2025-07-02T19:43:51.574564044Z"},{"name":"projects/menuonlinesass/configs/mercadopago/variables/token","updateTime":"2025-07-03T16:59:07.673783817Z"},{"name":"projects/menuonlinesass/configs/mercadopago/variables/access_token","updateTime":"2025-07-07T18:30:32.737273017Z"}]}
[debug] [2025-07-08T16:36:42.028Z] Checked if tokens are valid: true, expires at: 1751996197005
[debug] [2025-07-08T16:36:42.028Z] Checked if tokens are valid: true, expires at: 1751996197005
[debug] [2025-07-08T16:36:42.028Z] Checked if tokens are valid: true, expires at: 1751996197005
[debug] [2025-07-08T16:36:42.028Z] Checked if tokens are valid: true, expires at: 1751996197005
[debug] [2025-07-08T16:36:42.028Z] Checked if tokens are valid: true, expires at: 1751996197005
[debug] [2025-07-08T16:36:42.028Z] Checked if tokens are valid: true, expires at: 1751996197005
[debug] [2025-07-08T16:36:42.028Z] >>> [apiv2][query] GET https://runtimeconfig.googleapis.com/v1beta1/projects/menuonlinesass/configs/mercadopago/variables/accesstoken [none]
[debug] [2025-07-08T16:36:42.028Z] >>> [apiv2][query] GET https://runtimeconfig.googleapis.com/v1beta1/projects/menuonlinesass/configs/mercadopago/variables/token [none]
[debug] [2025-07-08T16:36:42.030Z] >>> [apiv2][query] GET https://runtimeconfig.googleapis.com/v1beta1/projects/menuonlinesass/configs/mercadopago/variables/access_token [none]
[debug] [2025-07-08T16:36:42.306Z] <<< [apiv2][status] GET https://runtimeconfig.googleapis.com/v1beta1/projects/menuonlinesass/configs/mercadopago/variables/accesstoken 200
[debug] [2025-07-08T16:36:42.306Z] <<< [apiv2][body] GET https://runtimeconfig.googleapis.com/v1beta1/projects/menuonlinesass/configs/mercadopago/variables/accesstoken {"name":"projects/menuonlinesass/configs/mercadopago/variables/accesstoken","updateTime":"2025-07-02T19:43:51.574564044Z","text":"APP_USR-15d161b3-8137-4241-9d64-4370ecf270dc"}
[debug] [2025-07-08T16:36:42.510Z] <<< [apiv2][status] GET https://runtimeconfig.googleapis.com/v1beta1/projects/menuonlinesass/configs/mercadopago/variables/token 200
[debug] [2025-07-08T16:36:42.511Z] <<< [apiv2][body] GET https://runtimeconfig.googleapis.com/v1beta1/projects/menuonlinesass/configs/mercadopago/variables/token {"name":"projects/menuonlinesass/configs/mercadopago/variables/token","updateTime":"2025-07-03T16:59:07.673783817Z","text":"APP_USR-15d161b3-8137-4241-9d64-4370ecf270dc"}
[debug] [2025-07-08T16:36:42.523Z] <<< [apiv2][status] GET https://runtimeconfig.googleapis.com/v1beta1/projects/menuonlinesass/configs/mercadopago/variables/access_token 200
[debug] [2025-07-08T16:36:42.523Z] <<< [apiv2][body] GET https://runtimeconfig.googleapis.com/v1beta1/projects/menuonlinesass/configs/mercadopago/variables/access_token {"name":"projects/menuonlinesass/configs/mercadopago/variables/access_token","updateTime":"2025-07-07T18:30:32.737273017Z","text":"APP_USR-6544161302302806-070212-fb3db2855411af7aceb6f6bafbd1f4e9-254662741"}
[debug] [2025-07-08T16:36:42.525Z] Validating nodejs source
[warn] !  functions: package.json indicates an outdated version of firebase-functions. Please upgrade using npm install --save firebase-functions@latest in your functions directory. 
[warn] !  functions: Please note that there will be breaking changes when you upgrade. 
[debug] [2025-07-08T16:36:43.738Z] > [functions] package.json contents: {
  "name": "functions",
  "main": "index.js",
  "engines": {
    "node": "20"
  },
  "dependencies": {
    "firebase-admin": "^12.1.0",
    "firebase-functions": "^5.0.1",
    "mercadopago": "^2.0.8"
  }
}
[debug] [2025-07-08T16:36:43.738Z] Building nodejs source
[info] i  functions: Loading and analyzing source code for codebase default to determine what to deploy 
[debug] [2025-07-08T16:36:43.739Z] Could not find functions.yaml. Must use http discovery
[debug] [2025-07-08T16:36:43.749Z] Found firebase-functions binary at 'C:\Users\55189\Documents\SassMenuOnileF\functions\node_modules\.bin\firebase-functions'
[info] Serving at port 8814

[debug] [2025-07-08T16:36:44.507Z] Got response from /__/functions.yaml {"endpoints":{"createSubscription":{"platform":"gcfv1","labels":{},"availableMemoryMb":null,"timeoutSeconds":null,"minInstances":null,"maxInstances":null,"ingressSettings":null,"serviceAccountEmail":null,"vpc":null,"callableTrigger":{},"entryPoint":"createSubscription"},"cancelSubscription":{"platform":"gcfv1","labels":{},"availableMemoryMb":null,"timeoutSeconds":null,"minInstances":null,"maxInstances":null,"ingressSettings":null,"serviceAccountEmail":null,"vpc":null,"callableTrigger":{},"entryPoint":"cancelSubscription"},"mercadoPagoWebhook":{"platform":"gcfv1","availableMemoryMb":null,"timeoutSeconds":null,"minInstances":null,"maxInstances":null,"ingressSettings":null,"serviceAccountEmail":null,"vpc":null,"httpsTrigger":{},"entryPoint":"mercadoPagoWebhook"}},"specVersion":"v1alpha1","requiredAPIs":[],"extensions":{}}
[info] i  extensions: ensuring required API firebaseextensions.googleapis.com is enabled... 
[debug] [2025-07-08T16:36:48.538Z] > command requires scopes: ["email","openid","https://www.googleapis.com/auth/cloudplatformprojects.readonly","https://www.googleapis.com/auth/firebase","https://www.googleapis.com/auth/cloud-platform"]
[debug] [2025-07-08T16:36:48.539Z] > authorizing via signed-in user (fabio.vigilante.sena@gmail.com)
[debug] [2025-07-08T16:36:48.539Z] [iam] checking project menuonlinesass for permissions ["firebase.projects.get","firebaseextensions.instances.list"]
[debug] [2025-07-08T16:36:48.539Z] Checked if tokens are valid: true, expires at: 1751996197005
[debug] [2025-07-08T16:36:48.539Z] Checked if tokens are valid: true, expires at: 1751996197005
[debug] [2025-07-08T16:36:48.539Z] >>> [apiv2][query] POST https://cloudresourcemanager.googleapis.com/v1/projects/menuonlinesass:testIamPermissions [none]
[debug] [2025-07-08T16:36:48.539Z] >>> [apiv2][(partial)header] POST https://cloudresourcemanager.googleapis.com/v1/projects/menuonlinesass:testIamPermissions x-goog-quota-user=projects/menuonlinesass
[debug] [2025-07-08T16:36:48.539Z] >>> [apiv2][body] POST https://cloudresourcemanager.googleapis.com/v1/projects/menuonlinesass:testIamPermissions {"permissions":["firebase.projects.get","firebaseextensions.instances.list"]}
[debug] [2025-07-08T16:36:49.630Z] <<< [apiv2][status] POST https://cloudresourcemanager.googleapis.com/v1/projects/menuonlinesass:testIamPermissions 200
[debug] [2025-07-08T16:36:49.630Z] <<< [apiv2][body] POST https://cloudresourcemanager.googleapis.com/v1/projects/menuonlinesass:testIamPermissions {"permissions":["firebase.projects.get","firebaseextensions.instances.list"]}
[debug] [2025-07-08T16:36:49.630Z] Checked if tokens are valid: true, expires at: 1751996197005
[debug] [2025-07-08T16:36:49.631Z] Checked if tokens are valid: true, expires at: 1751996197005
[debug] [2025-07-08T16:36:49.631Z] >>> [apiv2][query] GET https://firebaseextensions.googleapis.com/v1beta/projects/menuonlinesass/instances pageSize=100&pageToken=
[debug] [2025-07-08T16:36:50.747Z] <<< [apiv2][status] GET https://firebaseextensions.googleapis.com/v1beta/projects/menuonlinesass/instances 200
[debug] [2025-07-08T16:36:50.747Z] <<< [apiv2][body] GET https://firebaseextensions.googleapis.com/v1beta/projects/menuonlinesass/instances {}
[info] i  functions: preparing functions directory for uploading... 
[info] i  functions: packaged C:\Users\55189\Documents\SassMenuOnileF\functions (36.68 KB) for uploading 
[debug] [2025-07-08T16:36:50.820Z] Checked if tokens are valid: true, expires at: 1751996197005
[debug] [2025-07-08T16:36:50.820Z] Checked if tokens are valid: true, expires at: 1751996197005
[debug] [2025-07-08T16:36:50.820Z] >>> [apiv2][query] GET https://cloudfunctions.googleapis.com/v1/projects/menuonlinesass/locations/-/functions [none]
[debug] [2025-07-08T16:36:51.932Z] <<< [apiv2][status] GET https://cloudfunctions.googleapis.com/v1/projects/menuonlinesass/locations/-/functions 200
[debug] [2025-07-08T16:36:51.932Z] <<< [apiv2][body] GET https://cloudfunctions.googleapis.com/v1/projects/menuonlinesass/locations/-/functions {"functions":[{"name":"projects/menuonlinesass/locations/us-central1/functions/createSubscription","httpsTrigger":{"url":"https://us-central1-menuonlinesass.cloudfunctions.net/createSubscription","securityLevel":"SECURE_ALWAYS"},"status":"ACTIVE","entryPoint":"createSubscription","timeout":"60s","availableMemoryMb":256,"serviceAccountEmail":"menuonlinesass@appspot.gserviceaccount.com","updateTime":"2025-07-08T15:50:40.886Z","versionId":"2","labels":{"deployment-tool":"cli-firebase","deployment-callable":"true","firebase-functions-hash":"922c86a63c9f723f3b4251aac4da82ca80a09f05"},"sourceUploadUrl":"https://storage.googleapis.com/uploads-163809458992.us-central1.cloudfunctions.appspot.com/82175b0f-2bbb-4c05-9f17-bae4714a4aa4.zip","environmentVariables":{"FIREBASE_CONFIG":"{\"projectId\":\"menuonlinesass\",\"storageBucket\":\"menuonlinesass.firebasestorage.app\"}","GCLOUD_PROJECT":"menuonlinesass","EVENTARC_CLOUD_EVENT_SOURCE":"projects/menuonlinesass/locations/us-central1/functions/createSubscription"},"runtime":"nodejs20","ingressSettings":"ALLOW_ALL","buildId":"3d7b3302-8362-4634-93a5-8e364c34b965","buildEnvironmentVariables":{"GOOGLE_NODE_RUN_SCRIPTS":""},"buildName":"projects/432238664625/locations/us-central1/builds/3d7b3302-8362-4634-93a5-8e364c34b965","dockerRegistry":"ARTIFACT_REGISTRY","automaticUpdatePolicy":{},"buildServiceAccount":"projects/menuonlinesass/serviceAccounts/432238664625-compute@developer.gserviceaccount.com","satisfiesPzi":true},{"name":"projects/menuonlinesass/locations/us-central1/functions/mercadoPagoWebhook","httpsTrigger":{"url":"https://us-central1-menuonlinesass.cloudfunctions.net/mercadoPagoWebhook","securityLevel":"SECURE_ALWAYS"},"status":"ACTIVE","entryPoint":"mercadoPagoWebhook","timeout":"60s","availableMemoryMb":256,"serviceAccountEmail":"menuonlinesass@appspot.gserviceaccount.com","updateTime":"2025-07-08T15:50:35.460Z","versionId":"2","labels":{"deployment-tool":"cli-firebase","firebase-functions-hash":"922c86a63c9f723f3b4251aac4da82ca80a09f05"},"sourceUploadUrl":"https://storage.googleapis.com/uploads-163809458992.us-central1.cloudfunctions.appspot.com/82175b0f-2bbb-4c05-9f17-bae4714a4aa4.zip","environmentVariables":{"FIREBASE_CONFIG":"{\"projectId\":\"menuonlinesass\",\"storageBucket\":\"menuonlinesass.firebasestorage.app\"}","GCLOUD_PROJECT":"menuonlinesass","EVENTARC_CLOUD_EVENT_SOURCE":"projects/menuonlinesass/locations/us-central1/functions/mercadoPagoWebhook"},"runtime":"nodejs20","ingressSettings":"ALLOW_ALL","buildId":"3d7b3302-8362-4634-93a5-8e364c34b965","buildEnvironmentVariables":{"GOOGLE_NODE_RUN_SCRIPTS":""},"buildName":"projects/432238664625/locations/us-central1/builds/3d7b3302-8362-4634-93a5-8e364c34b965","dockerRegistry":"ARTIFACT_REGISTRY","automaticUpdatePolicy":{},"buildServiceAccount":"projects/menuonlinesass/serviceAccounts/432238664625-compute@developer.gserviceaccount.com","satisfiesPzi":true},{"name":"projects/menuonlinesass/locations/us-central1/functions/cancelSubscription","httpsTrigger":{"url":"https://us-central1-menuonlinesass.cloudfunctions.net/cancelSubscription","securityLevel":"SECURE_ALWAYS"},"status":"ACTIVE","entryPoint":"cancelSubscription","timeout":"60s","availableMemoryMb":256,"serviceAccountEmail":"menuonlinesass@appspot.gserviceaccount.com","updateTime":"2025-07-08T15:50:27.413725875Z","versionId":"1","labels":{"deployment-tool":"cli-firebase","deployment-callable":"true","firebase-functions-hash":"922c86a63c9f723f3b4251aac4da82ca80a09f05"},"sourceUploadUrl":"https://storage.googleapis.com/uploads-163809458992.us-central1.cloudfunctions.appspot.com/82175b0f-2bbb-4c05-9f17-bae4714a4aa4.zip","environmentVariables":{"FIREBASE_CONFIG":"{\"projectId\":\"menuonlinesass\",\"storageBucket\":\"menuonlinesass.firebasestorage.app\"}","GCLOUD_PROJECT":"menuonlinesass","EVENTARC_CLOUD_EVENT_SOURCE":"projects/menuonlinesass/locations/us-central1/functions/cancelSubscription"},"runtime":"nodejs20","ingressSettings":"ALLOW_ALL","buildId":"3d7b3302-8362-4634-93a5-8e364c34b965","buildEnvironmentVariables":{"GOOGLE_NODE_RUN_SCRIPTS":""},"buildName":"projects/432238664625/locations/us-central1/builds/3d7b3302-8362-4634-93a5-8e364c34b965","dockerRegistry":"ARTIFACT_REGISTRY","automaticUpdatePolicy":{},"buildServiceAccount":"projects/menuonlinesass/serviceAccounts/432238664625-compute@developer.gserviceaccount.com","satisfiesPzi":true}]}
[debug] [2025-07-08T16:36:51.933Z] Checked if tokens are valid: true, expires at: 1751996197005
[debug] [2025-07-08T16:36:51.933Z] Checked if tokens are valid: true, expires at: 1751996197005
[debug] [2025-07-08T16:36:51.933Z] >>> [apiv2][query] GET https://cloudfunctions.googleapis.com/v2/projects/menuonlinesass/locations/-/functions filter=environment%3D%22GEN_2%22
[debug] [2025-07-08T16:36:53.175Z] <<< [apiv2][status] GET https://cloudfunctions.googleapis.com/v2/projects/menuonlinesass/locations/-/functions 200
[debug] [2025-07-08T16:36:53.175Z] <<< [apiv2][body] GET https://cloudfunctions.googleapis.com/v2/projects/menuonlinesass/locations/-/functions {}
[debug] [2025-07-08T16:36:53.181Z] Checked if tokens are valid: true, expires at: 1751996197005
[debug] [2025-07-08T16:36:53.181Z] Checked if tokens are valid: true, expires at: 1751996197005
[debug] [2025-07-08T16:36:53.181Z] >>> [apiv2][query] GET https://cloudresourcemanager.googleapis.com/v1/projects/menuonlinesass [none]
[debug] [2025-07-08T16:36:53.394Z] <<< [apiv2][status] GET https://cloudresourcemanager.googleapis.com/v1/projects/menuonlinesass 200
[debug] [2025-07-08T16:36:53.394Z] <<< [apiv2][body] GET https://cloudresourcemanager.googleapis.com/v1/projects/menuonlinesass {"projectNumber":"432238664625","projectId":"menuonlinesass","lifecycleState":"ACTIVE","name":"menuonlineSass","labels":{"firebase":"enabled","firebase-core":"disabled"},"createTime":"2025-06-27T17:12:09.239341Z"}
[debug] [2025-07-08T16:36:53.395Z] Checked if tokens are valid: true, expires at: 1751996197005
[debug] [2025-07-08T16:36:53.395Z] Checked if tokens are valid: true, expires at: 1751996197005
[debug] [2025-07-08T16:36:53.395Z] >>> [apiv2][query] GET https://cloudbilling.googleapis.com/v1/projects/menuonlinesass/billingInfo [none]
[debug] [2025-07-08T16:36:54.623Z] <<< [apiv2][status] GET https://cloudbilling.googleapis.com/v1/projects/menuonlinesass/billingInfo 200
[debug] [2025-07-08T16:36:54.623Z] <<< [apiv2][body] GET https://cloudbilling.googleapis.com/v1/projects/menuonlinesass/billingInfo {"name":"projects/menuonlinesass/billingInfo","projectId":"menuonlinesass","billingAccountName":"billingAccounts/01788E-610D1C-9FCE24","billingEnabled":true}
[debug] [2025-07-08T16:36:54.627Z] Checked if tokens are valid: true, expires at: 1751996197005
[debug] [2025-07-08T16:36:54.627Z] Checked if tokens are valid: true, expires at: 1751996197005
[debug] [2025-07-08T16:36:54.627Z] >>> [apiv2][query] POST https://cloudfunctions.googleapis.com/v1/projects/menuonlinesass/locations/us-central1/functions:generateUploadUrl [none]
[debug] [2025-07-08T16:36:54.627Z] >>> [apiv2][body] POST https://cloudfunctions.googleapis.com/v1/projects/menuonlinesass/locations/us-central1/functions:generateUploadUrl {}
[debug] [2025-07-08T16:36:56.181Z] <<< [apiv2][status] POST https://cloudfunctions.googleapis.com/v1/projects/menuonlinesass/locations/us-central1/functions:generateUploadUrl 200
[debug] [2025-07-08T16:36:56.181Z] <<< [apiv2][body] POST https://cloudfunctions.googleapis.com/v1/projects/menuonlinesass/locations/us-central1/functions:generateUploadUrl {"uploadUrl":"https://storage.googleapis.com/uploads-163809458992.us-central1.cloudfunctions.appspot.com/270e63b8-e62f-47e6-a681-c5a17718ef72.zip?GoogleAccessId=service-432238664625@gcf-admin-robot.iam.gserviceaccount.com&Expires=1751994366&Signature=kFX8yjh3fOTC4JTt4gh9ZKUGKNZGUOc8i2GmLzvF5wi0NYLRI%2F7r7yV8HRQf67xb%2FCE7g%2BJrUiLDSMFGVcsZm7jsIoepfD4JsFa2rp%2B6o3zGrENc7mrjf1Nl0hGSvJANQaY%2BaWJ3Jy01MAOh7AMW8P0PInzBtW1VNIT%2FcJIvA12vtd6yeoJNar9Q8gAOihfW9ynK%2BRpAFBxrS%2BPgLkTkR9uVO4Yq7VmXPmlmT5SsBqrkprxdqqElCUVHP3gjMbW4aOsHvtQR02lQgo%2FaO3SIRwIlsUm4cojx2x%2B6hQf95mdAqFkoeLqVQ%2BHoQcjR9PavLwvVbga8RAv9ImVk9bJBuQ%3D%3D"}
[debug] [2025-07-08T16:36:56.184Z] >>> [apiv2][query] PUT https://storage.googleapis.com/uploads-163809458992.us-central1.cloudfunctions.appspot.com/270e63b8-e62f-47e6-a681-c5a17718ef72.zip GoogleAccessId=service-432238664625%40gcf-admin-robot.iam.gserviceaccount.com&Expires=1751994366&Signature=kFX8yjh3fOTC4JTt4gh9ZKUGKNZGUOc8i2GmLzvF5wi0NYLRI%2F7r7yV8HRQf67xb%2FCE7g%2BJrUiLDSMFGVcsZm7jsIoepfD4JsFa2rp%2B6o3zGrENc7mrjf1Nl0hGSvJANQaY%2BaWJ3Jy01MAOh7AMW8P0PInzBtW1VNIT%2FcJIvA12vtd6yeoJNar9Q8gAOihfW9ynK%2BRpAFBxrS%2BPgLkTkR9uVO4Yq7VmXPmlmT5SsBqrkprxdqqElCUVHP3gjMbW4aOsHvtQR02lQgo%2FaO3SIRwIlsUm4cojx2x%2B6hQf95mdAqFkoeLqVQ%2BHoQcjR9PavLwvVbga8RAv9ImVk9bJBuQ%3D%3D
[debug] [2025-07-08T16:36:56.184Z] >>> [apiv2][body] PUT https://storage.googleapis.com/uploads-163809458992.us-central1.cloudfunctions.appspot.com/270e63b8-e62f-47e6-a681-c5a17718ef72.zip [stream]
[debug] [2025-07-08T16:36:56.724Z] <<< [apiv2][status] PUT https://storage.googleapis.com/uploads-163809458992.us-central1.cloudfunctions.appspot.com/270e63b8-e62f-47e6-a681-c5a17718ef72.zip 200
[debug] [2025-07-08T16:36:56.725Z] <<< [apiv2][body] PUT https://storage.googleapis.com/uploads-163809458992.us-central1.cloudfunctions.appspot.com/270e63b8-e62f-47e6-a681-c5a17718ef72.zip [omitted]
[info] +  functions: functions folder uploaded successfully 
[info] i  functions: updating Node.js 20 (1st Gen) function createSubscription(us-central1)... 
[info] i  functions: updating Node.js 20 (1st Gen) function cancelSubscription(us-central1)... 
[info] i  functions: updating Node.js 20 (1st Gen) function mercadoPagoWebhook(us-central1)... 
[debug] [2025-07-08T16:36:56.730Z] Checked if tokens are valid: true, expires at: 1751996197005
[debug] [2025-07-08T16:36:56.730Z] Checked if tokens are valid: true, expires at: 1751996197005
[debug] [2025-07-08T16:36:56.731Z] >>> [apiv2][query] PATCH https://cloudfunctions.googleapis.com/v1/projects/menuonlinesass/locations/us-central1/functions/createSubscription updateMask=name%2CsourceUploadUrl%2CentryPoint%2Cruntime%2CdockerRegistry%2Clabels%2ChttpsTrigger.securityLevel%2CminInstances%2CmaxInstances%2CingressSettings%2CenvironmentVariables%2CserviceAccountEmail%2CavailableMemoryMb%2Ctimeout%2CvpcConnector%2CvpcConnectorEgressSettings%2CsourceToken%2CbuildEnvironmentVariables
[debug] [2025-07-08T16:36:56.731Z] >>> [apiv2][body] PATCH https://cloudfunctions.googleapis.com/v1/projects/menuonlinesass/locations/us-central1/functions/createSubscription {"name":"projects/menuonlinesass/locations/us-central1/functions/createSubscription","sourceUploadUrl":"https://storage.googleapis.com/uploads-163809458992.us-central1.cloudfunctions.appspot.com/270e63b8-e62f-47e6-a681-c5a17718ef72.zip?GoogleAccessId=service-432238664625@gcf-admin-robot.iam.gserviceaccount.com&Expires=1751994366&Signature=kFX8yjh3fOTC4JTt4gh9ZKUGKNZGUOc8i2GmLzvF5wi0NYLRI%2F7r7yV8HRQf67xb%2FCE7g%2BJrUiLDSMFGVcsZm7jsIoepfD4JsFa2rp%2B6o3zGrENc7mrjf1Nl0hGSvJANQaY%2BaWJ3Jy01MAOh7AMW8P0PInzBtW1VNIT%2FcJIvA12vtd6yeoJNar9Q8gAOihfW9ynK%2BRpAFBxrS%2BPgLkTkR9uVO4Yq7VmXPmlmT5SsBqrkprxdqqElCUVHP3gjMbW4aOsHvtQR02lQgo%2FaO3SIRwIlsUm4cojx2x%2B6hQf95mdAqFkoeLqVQ%2BHoQcjR9PavLwvVbga8RAv9ImVk9bJBuQ%3D%3D","entryPoint":"createSubscription","runtime":"nodejs20","dockerRegistry":"ARTIFACT_REGISTRY","labels":{"deployment-tool":"cli-firebase","deployment-callable":"true","firebase-functions-hash":"d755aa329fe02cbea5b496392da4dd2d86384ac8"},"httpsTrigger":{"securityLevel":"SECURE_ALWAYS"},"minInstances":null,"maxInstances":null,"ingressSettings":null,"environmentVariables":{"FIREBASE_CONFIG":"{\"projectId\":\"menuonlinesass\",\"storageBucket\":\"menuonlinesass.firebasestorage.app\"}","GCLOUD_PROJECT":"menuonlinesass","EVENTARC_CLOUD_EVENT_SOURCE":"projects/menuonlinesass/locations/us-central1/functions/createSubscription"},"serviceAccountEmail":null,"availableMemoryMb":null,"timeout":null,"vpcConnector":null,"vpcConnectorEgressSettings":null,"buildEnvironmentVariables":{"GOOGLE_NODE_RUN_SCRIPTS":""}}
[debug] [2025-07-08T16:36:57.629Z] <<< [apiv2][status] PATCH https://cloudfunctions.googleapis.com/v1/projects/menuonlinesass/locations/us-central1/functions/createSubscription 200
[debug] [2025-07-08T16:36:57.629Z] <<< [apiv2][body] PATCH https://cloudfunctions.googleapis.com/v1/projects/menuonlinesass/locations/us-central1/functions/createSubscription {"name":"operations/bWVudW9ubGluZXNhc3MvdXMtY2VudHJhbDEvY3JlYXRlU3Vic2NyaXB0aW9uL0xySDlRb00xNndv","metadata":{"@type":"type.googleapis.com/google.cloud.functions.v1.OperationMetadataV1","target":"projects/menuonlinesass/locations/us-central1/functions/createSubscription","type":"UPDATE_FUNCTION","request":{"@type":"type.googleapis.com/google.cloud.functions.v1.CloudFunction","name":"projects/menuonlinesass/locations/us-central1/functions/createSubscription","httpsTrigger":{"url":"https://us-central1-menuonlinesass.cloudfunctions.net/createSubscription","securityLevel":"SECURE_ALWAYS"},"status":"ACTIVE","entryPoint":"createSubscription","updateTime":"2025-07-08T15:50:40.886Z","versionId":"2","labels":{"deployment-tool":"cli-firebase","deployment-callable":"true","firebase-functions-hash":"d755aa329fe02cbea5b496392da4dd2d86384ac8"},"sourceUploadUrl":"https://storage.googleapis.com/uploads-163809458992.us-central1.cloudfunctions.appspot.com/270e63b8-e62f-47e6-a681-c5a17718ef72.zip?GoogleAccessId=service-432238664625@gcf-admin-robot.iam.gserviceaccount.com&Expires=1751994366&Signature=kFX8yjh3fOTC4JTt4gh9ZKUGKNZGUOc8i2GmLzvF5wi0NYLRI%2F7r7yV8HRQf67xb%2FCE7g%2BJrUiLDSMFGVcsZm7jsIoepfD4JsFa2rp%2B6o3zGrENc7mrjf1Nl0hGSvJANQaY%2BaWJ3Jy01MAOh7AMW8P0PInzBtW1VNIT%2FcJIvA12vtd6yeoJNar9Q8gAOihfW9ynK%2BRpAFBxrS%2BPgLkTkR9uVO4Yq7VmXPmlmT5SsBqrkprxdqqElCUVHP3gjMbW4aOsHvtQR02lQgo%2FaO3SIRwIlsUm4cojx2x%2B6hQf95mdAqFkoeLqVQ%2BHoQcjR9PavLwvVbga8RAv9ImVk9bJBuQ%3D%3D","environmentVariables":{"FIREBASE_CONFIG":"{\"projectId\":\"menuonlinesass\",\"storageBucket\":\"menuonlinesass.firebasestorage.app\"}","GCLOUD_PROJECT":"menuonlinesass","EVENTARC_CLOUD_EVENT_SOURCE":"projects/menuonlinesass/locations/us-central1/functions/createSubscription"},"runtime":"nodejs20","buildId":"3d7b3302-8362-4634-93a5-8e364c34b965","buildEnvironmentVariables":{"GOOGLE_NODE_RUN_SCRIPTS":""},"buildName":"projects/432238664625/locations/us-central1/builds/3d7b3302-8362-4634-93a5-8e364c34b965","dockerRegistry":"ARTIFACT_REGISTRY","automaticUpdatePolicy":{},"buildServiceAccount":"projects/menuonlinesass/serviceAccounts/432238664625-compute@developer.gserviceaccount.com"},"versionId":"3","updateTime":"2025-07-08T16:36:08Z"}}
[debug] [2025-07-08T16:36:57.630Z] Checked if tokens are valid: true, expires at: 1751996197005
[debug] [2025-07-08T16:36:57.631Z] Checked if tokens are valid: true, expires at: 1751996197005
[debug] [2025-07-08T16:36:57.631Z] >>> [apiv2][query] GET https://cloudfunctions.googleapis.com/v1/operations/bWVudW9ubGluZXNhc3MvdXMtY2VudHJhbDEvY3JlYXRlU3Vic2NyaXB0aW9uL0xySDlRb00xNndv [none]
[debug] [2025-07-08T16:36:58.274Z] <<< [apiv2][status] GET https://cloudfunctions.googleapis.com/v1/operations/bWVudW9ubGluZXNhc3MvdXMtY2VudHJhbDEvY3JlYXRlU3Vic2NyaXB0aW9uL0xySDlRb00xNndv 200
[debug] [2025-07-08T16:36:58.274Z] <<< [apiv2][body] GET https://cloudfunctions.googleapis.com/v1/operations/bWVudW9ubGluZXNhc3MvdXMtY2VudHJhbDEvY3JlYXRlU3Vic2NyaXB0aW9uL0xySDlRb00xNndv {"name":"operations/bWVudW9ubGluZXNhc3MvdXMtY2VudHJhbDEvY3JlYXRlU3Vic2NyaXB0aW9uL0xySDlRb00xNndv","metadata":{"@type":"type.googleapis.com/google.cloud.functions.v1.OperationMetadataV1","target":"projects/menuonlinesass/locations/us-central1/functions/createSubscription","type":"UPDATE_FUNCTION","request":{"@type":"type.googleapis.com/google.cloud.functions.v1.CloudFunction","name":"projects/menuonlinesass/locations/us-central1/functions/createSubscription","httpsTrigger":{"url":"https://us-central1-menuonlinesass.cloudfunctions.net/createSubscription","securityLevel":"SECURE_ALWAYS"},"status":"ACTIVE","entryPoint":"createSubscription","updateTime":"2025-07-08T15:50:40.886Z","versionId":"2","labels":{"deployment-tool":"cli-firebase","deployment-callable":"true","firebase-functions-hash":"d755aa329fe02cbea5b496392da4dd2d86384ac8"},"sourceUploadUrl":"https://storage.googleapis.com/uploads-163809458992.us-central1.cloudfunctions.appspot.com/270e63b8-e62f-47e6-a681-c5a17718ef72.zip?GoogleAccessId=service-432238664625@gcf-admin-robot.iam.gserviceaccount.com&Expires=1751994366&Signature=kFX8yjh3fOTC4JTt4gh9ZKUGKNZGUOc8i2GmLzvF5wi0NYLRI%2F7r7yV8HRQf67xb%2FCE7g%2BJrUiLDSMFGVcsZm7jsIoepfD4JsFa2rp%2B6o3zGrENc7mrjf1Nl0hGSvJANQaY%2BaWJ3Jy01MAOh7AMW8P0PInzBtW1VNIT%2FcJIvA12vtd6yeoJNar9Q8gAOihfW9ynK%2BRpAFBxrS%2BPgLkTkR9uVO4Yq7VmXPmlmT5SsBqrkprxdqqElCUVHP3gjMbW4aOsHvtQR02lQgo%2FaO3SIRwIlsUm4cojx2x%2B6hQf95mdAqFkoeLqVQ%2BHoQcjR9PavLwvVbga8RAv9ImVk9bJBuQ%3D%3D","environmentVariables":{"FIREBASE_CONFIG":"{\"projectId\":\"menuonlinesass\",\"storageBucket\":\"menuonlinesass.firebasestorage.app\"}","GCLOUD_PROJECT":"menuonlinesass","EVENTARC_CLOUD_EVENT_SOURCE":"projects/menuonlinesass/locations/us-central1/functions/createSubscription"},"runtime":"nodejs20","buildId":"3d7b3302-8362-4634-93a5-8e364c34b965","buildEnvironmentVariables":{"GOOGLE_NODE_RUN_SCRIPTS":""},"buildName":"projects/432238664625/locations/us-central1/builds/3d7b3302-8362-4634-93a5-8e364c34b965","dockerRegistry":"ARTIFACT_REGISTRY","automaticUpdatePolicy":{},"buildServiceAccount":"projects/menuonlinesass/serviceAccounts/432238664625-compute@developer.gserviceaccount.com"},"versionId":"3","updateTime":"2025-07-08T16:36:08Z"}}
[debug] [2025-07-08T16:36:58.775Z] [update-default-us-central1-createSubscription] Retrying task index 0
[debug] [2025-07-08T16:36:58.776Z] Checked if tokens are valid: true, expires at: 1751996197005
[debug] [2025-07-08T16:36:58.776Z] Checked if tokens are valid: true, expires at: 1751996197005
[debug] [2025-07-08T16:36:58.776Z] >>> [apiv2][query] GET https://cloudfunctions.googleapis.com/v1/operations/bWVudW9ubGluZXNhc3MvdXMtY2VudHJhbDEvY3JlYXRlU3Vic2NyaXB0aW9uL0xySDlRb00xNndv [none]
[debug] [2025-07-08T16:36:59.963Z] <<< [apiv2][status] GET https://cloudfunctions.googleapis.com/v1/operations/bWVudW9ubGluZXNhc3MvdXMtY2VudHJhbDEvY3JlYXRlU3Vic2NyaXB0aW9uL0xySDlRb00xNndv 200
[debug] [2025-07-08T16:36:59.964Z] <<< [apiv2][body] GET https://cloudfunctions.googleapis.com/v1/operations/bWVudW9ubGluZXNhc3MvdXMtY2VudHJhbDEvY3JlYXRlU3Vic2NyaXB0aW9uL0xySDlRb00xNndv {"name":"operations/bWVudW9ubGluZXNhc3MvdXMtY2VudHJhbDEvY3JlYXRlU3Vic2NyaXB0aW9uL0xySDlRb00xNndv","metadata":{"@type":"type.googleapis.com/google.cloud.functions.v1.OperationMetadataV1","target":"projects/menuonlinesass/locations/us-central1/functions/createSubscription","type":"UPDATE_FUNCTION","request":{"@type":"type.googleapis.com/google.cloud.functions.v1.CloudFunction","name":"projects/menuonlinesass/locations/us-central1/functions/createSubscription","httpsTrigger":{"url":"https://us-central1-menuonlinesass.cloudfunctions.net/createSubscription","securityLevel":"SECURE_ALWAYS"},"status":"ACTIVE","entryPoint":"createSubscription","updateTime":"2025-07-08T15:50:40.886Z","versionId":"2","labels":{"deployment-tool":"cli-firebase","deployment-callable":"true","firebase-functions-hash":"d755aa329fe02cbea5b496392da4dd2d86384ac8"},"sourceUploadUrl":"https://storage.googleapis.com/uploads-163809458992.us-central1.cloudfunctions.appspot.com/270e63b8-e62f-47e6-a681-c5a17718ef72.zip?GoogleAccessId=service-432238664625@gcf-admin-robot.iam.gserviceaccount.com&Expires=1751994366&Signature=kFX8yjh3fOTC4JTt4gh9ZKUGKNZGUOc8i2GmLzvF5wi0NYLRI%2F7r7yV8HRQf67xb%2FCE7g%2BJrUiLDSMFGVcsZm7jsIoepfD4JsFa2rp%2B6o3zGrENc7mrjf1Nl0hGSvJANQaY%2BaWJ3Jy01MAOh7AMW8P0PInzBtW1VNIT%2FcJIvA12vtd6yeoJNar9Q8gAOihfW9ynK%2BRpAFBxrS%2BPgLkTkR9uVO4Yq7VmXPmlmT5SsBqrkprxdqqElCUVHP3gjMbW4aOsHvtQR02lQgo%2FaO3SIRwIlsUm4cojx2x%2B6hQf95mdAqFkoeLqVQ%2BHoQcjR9PavLwvVbga8RAv9ImVk9bJBuQ%3D%3D","environmentVariables":{"FIREBASE_CONFIG":"{\"projectId\":\"menuonlinesass\",\"storageBucket\":\"menuonlinesass.firebasestorage.app\"}","GCLOUD_PROJECT":"menuonlinesass","EVENTARC_CLOUD_EVENT_SOURCE":"projects/menuonlinesass/locations/us-central1/functions/createSubscription"},"runtime":"nodejs20","buildId":"3d7b3302-8362-4634-93a5-8e364c34b965","buildEnvironmentVariables":{"GOOGLE_NODE_RUN_SCRIPTS":""},"buildName":"projects/432238664625/locations/us-central1/builds/3d7b3302-8362-4634-93a5-8e364c34b965","dockerRegistry":"ARTIFACT_REGISTRY","automaticUpdatePolicy":{},"buildServiceAccount":"projects/menuonlinesass/serviceAccounts/432238664625-compute@developer.gserviceaccount.com"},"versionId":"3","updateTime":"2025-07-08T16:36:08Z","buildId":"cedbe53c-ab57-46d5-9af6-ddd2f4a2b044","buildName":"projects/432238664625/locations/us-central1/builds/cedbe53c-ab57-46d5-9af6-ddd2f4a2b044"}}
[debug] [2025-07-08T16:37:00.965Z] [update-default-us-central1-createSubscription] Retrying task index 0
[debug] [2025-07-08T16:37:00.966Z] Checked if tokens are valid: true, expires at: 1751996197005
[debug] [2025-07-08T16:37:00.966Z] Checked if tokens are valid: true, expires at: 1751996197005
[debug] [2025-07-08T16:37:00.966Z] >>> [apiv2][query] GET https://cloudfunctions.googleapis.com/v1/operations/bWVudW9ubGluZXNhc3MvdXMtY2VudHJhbDEvY3JlYXRlU3Vic2NyaXB0aW9uL0xySDlRb00xNndv [none]
[debug] [2025-07-08T16:37:01.519Z] <<< [apiv2][status] GET https://cloudfunctions.googleapis.com/v1/operations/bWVudW9ubGluZXNhc3MvdXMtY2VudHJhbDEvY3JlYXRlU3Vic2NyaXB0aW9uL0xySDlRb00xNndv 200
[debug] [2025-07-08T16:37:01.519Z] <<< [apiv2][body] GET https://cloudfunctions.googleapis.com/v1/operations/bWVudW9ubGluZXNhc3MvdXMtY2VudHJhbDEvY3JlYXRlU3Vic2NyaXB0aW9uL0xySDlRb00xNndv {"name":"operations/bWVudW9ubGluZXNhc3MvdXMtY2VudHJhbDEvY3JlYXRlU3Vic2NyaXB0aW9uL0xySDlRb00xNndv","metadata":{"@type":"type.googleapis.com/google.cloud.functions.v1.OperationMetadataV1","target":"projects/menuonlinesass/locations/us-central1/functions/createSubscription","type":"UPDATE_FUNCTION","request":{"@type":"type.googleapis.com/google.cloud.functions.v1.CloudFunction","name":"projects/menuonlinesass/locations/us-central1/functions/createSubscription","httpsTrigger":{"url":"https://us-central1-menuonlinesass.cloudfunctions.net/createSubscription","securityLevel":"SECURE_ALWAYS"},"status":"ACTIVE","entryPoint":"createSubscription","updateTime":"2025-07-08T15:50:40.886Z","versionId":"2","labels":{"deployment-tool":"cli-firebase","deployment-callable":"true","firebase-functions-hash":"d755aa329fe02cbea5b496392da4dd2d86384ac8"},"sourceUploadUrl":"https://storage.googleapis.com/uploads-163809458992.us-central1.cloudfunctions.appspot.com/270e63b8-e62f-47e6-a681-c5a17718ef72.zip?GoogleAccessId=service-432238664625@gcf-admin-robot.iam.gserviceaccount.com&Expires=1751994366&Signature=kFX8yjh3fOTC4JTt4gh9ZKUGKNZGUOc8i2GmLzvF5wi0NYLRI%2F7r7yV8HRQf67xb%2FCE7g%2BJrUiLDSMFGVcsZm7jsIoepfD4JsFa2rp%2B6o3zGrENc7mrjf1Nl0hGSvJANQaY%2BaWJ3Jy01MAOh7AMW8P0PInzBtW1VNIT%2FcJIvA12vtd6yeoJNar9Q8gAOihfW9ynK%2BRpAFBxrS%2BPgLkTkR9uVO4Yq7VmXPmlmT5SsBqrkprxdqqElCUVHP3gjMbW4aOsHvtQR02lQgo%2FaO3SIRwIlsUm4cojx2x%2B6hQf95mdAqFkoeLqVQ%2BHoQcjR9PavLwvVbga8RAv9ImVk9bJBuQ%3D%3D","environmentVariables":{"FIREBASE_CONFIG":"{\"projectId\":\"menuonlinesass\",\"storageBucket\":\"menuonlinesass.firebasestorage.app\"}","GCLOUD_PROJECT":"menuonlinesass","EVENTARC_CLOUD_EVENT_SOURCE":"projects/menuonlinesass/locations/us-central1/functions/createSubscription"},"runtime":"nodejs20","buildId":"3d7b3302-8362-4634-93a5-8e364c34b965","buildEnvironmentVariables":{"GOOGLE_NODE_RUN_SCRIPTS":""},"buildName":"projects/432238664625/locations/us-central1/builds/3d7b3302-8362-4634-93a5-8e364c34b965","dockerRegistry":"ARTIFACT_REGISTRY","automaticUpdatePolicy":{},"buildServiceAccount":"projects/menuonlinesass/serviceAccounts/432238664625-compute@developer.gserviceaccount.com"},"versionId":"3","updateTime":"2025-07-08T16:36:08Z","buildId":"cedbe53c-ab57-46d5-9af6-ddd2f4a2b044","buildName":"projects/432238664625/locations/us-central1/builds/cedbe53c-ab57-46d5-9af6-ddd2f4a2b044"}}
